<?xml version="1.0" encoding="UTF-8"?>
<!-- Generated by org.testng.reporters.JUnitReportReporter -->
<testsuite skipped="0" hostname="Raghavs-MacBook-Pro.local" name="tests.Tests" tests="4" failures="0" timestamp="18 May 2019 11:08:37 GMT" time="48.461" errors="0">
  <testcase name="testOne" time="13.117" classname="tests.Tests"/>
  <testcase name="sampleTest" time="0.011" classname="tests.Tests"/>
  <testcase name="loginTest" time="22.599" classname="tests.Tests"/>
  <testcase name="testTwo" time="12.734" classname="tests.Tests"/>
</testsuite> <!-- tests.Tests -->
